<?xml version="1.0" encoding="UTF-8"?>
<!-- Generated by org.testng.reporters.JUnitReportReporter -->
<testsuite hostname="Jyothsna_Allada" failures="0" tests="1" name="pkg1.HardAssertion" time="5.808" errors="0" timestamp="2023-03-10T16:45:06 PST" skipped="0">
  <testcase classname="pkg1.HardAssertion" name="loginMethod" time="5.808"/>
  <system-out/>
</testsuite> <!-- pkg1.HardAssertion -->
