<?xml version="1.0" encoding="UTF-8"?>
<!-- Generated by org.testng.reporters.JUnitReportReporter -->
<testsuite hostname="Jyothsna_Allada" failures="0" tests="1" name="pkg1.CaTamilAcadamy" time="20.610" errors="0" timestamp="2023-03-10T16:24:22 PST" skipped="0">
  <testcase classname="pkg1.CaTamilAcadamy" name="loginMethod" time="20.610"/>
  <system-out/>
</testsuite> <!-- pkg1.CaTamilAcadamy -->
