<?xml version="1.0" encoding="UTF-8"?>
<!-- Generated by org.testng.reporters.JUnitReportReporter -->
<testsuite hostname="Jyothsna_Allada" failures="0" tests="1" name="pkg1.JavaScriptExecutor" time="22.434" errors="0" timestamp="2023-03-14T16:59:20 PDT" skipped="0">
  <testcase classname="pkg1.JavaScriptExecutor" name="loginMethod" time="22.434"/>
  <system-out/>
</testsuite> <!-- pkg1.JavaScriptExecutor -->
