<?xml version="1.0" encoding="UTF-8"?>
<!-- Generated by org.testng.reporters.JUnitReportReporter -->
<testsuite hostname="Jyothsna_Allada" failures="0" tests="1" name="pkg1.RadioButtonPractice" time="9.838" errors="0" timestamp="2023-03-16T16:32:22 PDT" skipped="0">
  <testcase classname="pkg1.RadioButtonPractice" name="loginMethod" time="9.838"/>
  <system-out/>
</testsuite> <!-- pkg1.RadioButtonPractice -->
